marcos.teixeira.ferreira.novo.1@xupinga.com
vinicius.mendes.correia.novo.2@xupinga.com
jessica.reis.monteiro.novo.3@xupinga.com
larissa.oliveira.costa.novo.4@xupinga.com
emanuel.rezende.marques.novo.5@xupinga.com
thiago.leite.pinto.novo.6@xupinga.com
juliana.rezende.arruda.novo.7@xupinga.com
lavínia.mendes.borges.novo.8@xupinga.com
lucas.assis.fragoso.novo.9@xupinga.com
larissa.peixoto.ferreira.novo.10@xupinga.com
leonardo.marques.moreira.novo.11@xupinga.com
marcos.queiroz.machado.novo.12@xupinga.com
esther.souza.rocha.novo.13@xupinga.com
lavínia.rocha.machado.novo.14@xupinga.com
cauã.rezende.souza.novo.15@xupinga.com
guilherme.fragoso.freitas.novo.16@xupinga.com
eduardo.silva.nascimento.novo.17@xupinga.com
leticia.leite.nogueira.novo.18@xupinga.com
bruna.pires.sampaio.novo.19@xupinga.com
vanessa.santos.rezende.novo.20@xupinga.com
fernanda.queiroz.castro.novo.21@xupinga.com
larissa.santos.freitas.novo.22@xupinga.com
sandra.borges.castro.novo.23@xupinga.com
larissa.moraes.sales.novo.24@xupinga.com
sandra.campos.cavalcante.novo.25@xupinga.com
pietro.santos.chaves.novo.26@xupinga.com
thiago.peixoto.rezende.novo.27@xupinga.com
lavínia.rezende.viana.novo.28@xupinga.com
benicio.moreira.queiroz.novo.29@xupinga.com
camila.ferreira.peixoto.novo.30@xupinga.com
juliana.rezende.dantas.novo.31@xupinga.com
rodrigo.freitas.moraes.novo.32@xupinga.com
vanessa.cavalcante.quintana.novo.33@xupinga.com
daniel.freitas.queiroz.novo.35@xupinga.com
sandra.santos.teixeira.novo.36@xupinga.com
diego.assis.pinto.novo.37@xupinga.com
felipe.borges.sales.novo.38@xupinga.com
rodrigo.gonçalves.freitas.novo.39@xupinga.com
larissa.machado.miranda.novo.40@xupinga.com
lavínia.viana.chaves.novo.41@xupinga.com
cauã.arruda.teixeira.novo.42@xupinga.com
bruna.pereira.gonçalves.novo.43@xupinga.com
gustavo.queiroz.leite.novo.44@xupinga.com
lucas.queiroz.cavalcante.novo.45@xupinga.com
thiago.moreira.gonçalves.novo.46@xupinga.com
thiago.correia.oliveira.novo.47@xupinga.com
rafaela.lopes.oliveira.novo.48@xupinga.com
sofia.siqueira.chaves.novo.49@xupinga.com
eduardo.sampaio.pereira.novo.50@xupinga.com
marcos.teixeira.ferreira.novo.1@xupinga.com
vinicius.mendes.correia.novo.2@xupinga.com
jessica.reis.monteiro.novo.3@xupinga.com
larissa.oliveira.costa.novo.4@xupinga.com
emanuel.rezende.marques.novo.5@xupinga.com
thiago.leite.pinto.novo.6@xupinga.com
juliana.rezende.arruda.novo.7@xupinga.com
lavínia.mendes.borges.novo.8@xupinga.com
lucas.assis.fragoso.novo.9@xupinga.com
larissa.peixoto.ferreira.novo.10@xupinga.com
leonardo.marques.moreira.novo.11@xupinga.com
marcos.queiroz.machado.novo.12@xupinga.com
esther.souza.rocha.novo.13@xupinga.com
lavínia.rocha.machado.novo.14@xupinga.com
cauã.rezende.souza.novo.15@xupinga.com
guilherme.fragoso.freitas.novo.16@xupinga.com
eduardo.silva.nascimento.novo.17@xupinga.com
leticia.leite.nogueira.novo.18@xupinga.com
bruna.pires.sampaio.novo.19@xupinga.com
vanessa.santos.rezende.novo.20@xupinga.com
fernanda.queiroz.castro.novo.21@xupinga.com
sandra.borges.castro.novo.23@xupinga.com
larissa.moraes.sales.novo.24@xupinga.com
sandra.campos.cavalcante.novo.25@xupinga.com
pietro.santos.chaves.novo.26@xupinga.com
thiago.peixoto.rezende.novo.27@xupinga.com
lavínia.rezende.viana.novo.28@xupinga.com
benicio.moreira.queiroz.novo.29@xupinga.com
camila.ferreira.peixoto.novo.30@xupinga.com
juliana.rezende.dantas.novo.31@xupinga.com
rodrigo.freitas.moraes.novo.32@xupinga.com
vanessa.cavalcante.quintana.novo.33@xupinga.com
pietro.pires.nascimento.novo.34@xupinga.com
daniel.freitas.queiroz.novo.35@xupinga.com
sandra.santos.teixeira.novo.36@xupinga.com
diego.assis.pinto.novo.37@xupinga.com
felipe.borges.sales.novo.38@xupinga.com
rodrigo.gonçalves.freitas.novo.39@xupinga.com
larissa.machado.miranda.novo.40@xupinga.com
lavínia.viana.chaves.novo.41@xupinga.com
cauã.arruda.teixeira.novo.42@xupinga.com
bruna.pereira.gonçalves.novo.43@xupinga.com
gustavo.queiroz.leite.novo.44@xupinga.com
lucas.queiroz.cavalcante.novo.45@xupinga.com
thiago.moreira.gonçalves.novo.46@xupinga.com
thiago.correia.oliveira.novo.47@xupinga.com
rafaela.lopes.oliveira.novo.48@xupinga.com
sofia.siqueira.chaves.novo.49@xupinga.com
eduardo.sampaio.pereira.novo.50@xupinga.com
leticia.viana.assis.novo.51@xupinga.com
vanessa.lopes.pires.novo.52@xupinga.com
heloisa.fragoso.siqueira.novo.53@xupinga.com
cristina.marques.pires.novo.54@xupinga.com
bruno.barros.quintana.novo.55@xupinga.com
vinicius.costa.fragoso.novo.56@xupinga.com
rebeca.mendes.cavalcante.novo.57@xupinga.com
vinicius.freitas.lopes.novo.58@xupinga.com
isadora.mendes.santos.novo.59@xupinga.com
alexandre.sales.assis.novo.60@xupinga.com
emanuel.cavalcante.chaves.novo.61@xupinga.com
kaique.pinto.mendes.novo.62@xupinga.com
elisa.peixoto.siqueira.novo.63@xupinga.com
larissa.sales.cavalcante.novo.64@xupinga.com
thiago.freitas.lopes.novo.65@xupinga.com
beatriz.silva.monteiro.novo.66@xupinga.com
raul.souza.lopes.novo.67@xupinga.com
amanda.machado.sales.novo.68@xupinga.com
pietro.arruda.pereira.novo.69@xupinga.com
emanuel.leite.ferreira.novo.70@xupinga.com
isadora.campos.freitas.novo.71@xupinga.com
juliana.dantas.furtado.novo.72@xupinga.com
fernanda.nogueira.ferreira.novo.73@xupinga.com
rebeca.gonçalves.correia.novo.74@xupinga.com
benicio.assis.pereira.novo.75@xupinga.com
bruno.moreira.siqueira.novo.76@xupinga.com
guilherme.alves.barros.novo.77@xupinga.com
kaique.furtado.machado.novo.78@xupinga.com
leonardo.dantas.ferreira.novo.79@xupinga.com
vanessa.souza.freitas.novo.80@xupinga.com
rafaela.quintana.viana.novo.81@xupinga.com
pietro.furtado.sampaio.novo.82@xupinga.com
emanuel.nascimento.pires.novo.83@xupinga.com
juliana.alves.leite.novo.84@xupinga.com
leticia.fragoso.moraes.novo.85@xupinga.com
cristina.quintana.pereira.novo.86@xupinga.com
esther.monteiro.quintana.novo.87@xupinga.com
debora.moreira.pereira.novo.88@xupinga.com
emanuel.castro.pereira.novo.89@xupinga.com
renata.lopes.castro.novo.90@xupinga.com
lavínia.souza.barros.novo.91@xupinga.com
marcos.teixeira.barros.novo.92@xupinga.com
renata.cavalcante.monteiro.novo.93@xupinga.com
larissa.sampaio.costa.novo.94@xupinga.com
cauã.lopes.chaves.novo.95@xupinga.com
isadora.assis.pires.novo.96@xupinga.com
sandra.pires.freitas.novo.97@xupinga.com
cauã.teixeira.rocha.novo.98@xupinga.com
leticia.quintana.reis.novo.99@xupinga.com
eduardo.sales.rezende.novo.100@xupinga.com
ricardo.sampaio.queiroz.novo.101@xupinga.com
beatriz.sales.queiroz.novo.102@xupinga.com
vinicius.borges.miranda.novo.103@xupinga.com
daniel.campos.rezende.novo.104@xupinga.com
debora.miranda.reis.novo.105@xupinga.com
juliana.freitas.borges.novo.106@xupinga.com
pietro.rezende.barros.novo.107@xupinga.com
raul.freitas.alves.novo.108@xupinga.com
bruna.silva.teixeira.novo.109@xupinga.com
esther.queiroz.rezende.novo.110@xupinga.com
debora.queiroz.nascimento.novo.111@xupinga.com
ricardo.santos.rezende.novo.112@xupinga.com
ricardo.siqueira.freitas.novo.113@xupinga.com
daniel.dantas.nascimento.novo.114@xupinga.com
rafaela.oliveira.queiroz.novo.115@xupinga.com
benicio.pereira.rezende.novo.116@xupinga.com
vanessa.quintana.dantas.novo.117@xupinga.com
vinicius.nascimento.gonçalves.novo.118@xupinga.com
sandra.alves.rocha.novo.119@xupinga.com
rafaela.oliveira.nascimento.novo.120@xupinga.com
gustavo.rocha.pires.novo.121@xupinga.com
patricia.moraes.gonçalves.novo.122@xupinga.com
patricia.teixeira.nascimento.novo.123@xupinga.com
elisa.freitas.arruda.novo.124@xupinga.com
patricia.moreira.mendes.novo.125@xupinga.com
thiago.freitas.marques.novo.126@xupinga.com
elisa.freitas.furtado.novo.127@xupinga.com
rebeca.monteiro.nogueira.novo.128@xupinga.com
bruno.rezende.sales.novo.90000@xupinga.com
patricia.gonçalves.queiroz.novo.129@xupinga.com
cristina.sampaio.gonçalves.novo.130@xupinga.com
bruna.costa.moreira.novo.90001@xupinga.com
fernanda.rocha.correia.novo.131@xupinga.com
camila.machado.monteiro.novo.132@xupinga.com
patricia.dantas.sales.novo.90002@xupinga.com
felipe.queiroz.marques.novo.133@xupinga.com
alexandre.dantas.silva.novo.134@xupinga.com
felipe.monteiro.rezende.novo.135@xupinga.com
renata.cavalcante.arruda.novo.136@xupinga.com
debora.siqueira.castro.novo.137@xupinga.com
thiago.miranda.souza.novo.138@xupinga.com
sandra.chaves.machado.novo.139@xupinga.com
bruna.arruda.freitas.novo.140@xupinga.com
amanda.cavalcante.moraes.novo.141@xupinga.com
ricardo.dantas.pereira.novo.142@xupinga.com
juliana.borges.peixoto.novo.143@xupinga.com
sandra.alves.freitas.novo.144@xupinga.com
raul.quintana.leite.novo.145@xupinga.com
matheus.peixoto.borges.novo.146@xupinga.com
bruna.borges.teixeira.novo.147@xupinga.com
renata.barros.gonçalves.novo.148@xupinga.com
lavínia.fragoso.reis.novo.149@xupinga.com
juliana.freitas.souza.novo.150@xupinga.com
thiago.freitas.correia.novo.151@xupinga.com
kaique.moreira.barros.novo.152@xupinga.com
elisa.moreira.reis.novo.153@xupinga.com
debora.alves.sampaio.novo.154@xupinga.com
camila.marques.oliveira.novo.155@xupinga.com
cristina.moreira.rezende.novo.156@xupinga.com
renata.machado.freitas.novo.157@xupinga.com
camila.moraes.silva.novo.158@xupinga.com
vinicius.fragoso.sales.novo.159@xupinga.com
heloisa.marques.furtado.novo.160@xupinga.com
rebeca.siqueira.souza.novo.161@xupinga.com
sandra.miranda.mendes.novo.162@xupinga.com
guilherme.freitas.chaves.novo.163@xupinga.com
guilherme.santos.queiroz.novo.164@xupinga.com
rebeca.queiroz.reis.novo.165@xupinga.com
debora.souza.rocha.novo.166@xupinga.com
benicio.furtado.alves.novo.167@xupinga.com
larissa.gonçalves.santos.novo.168@xupinga.com
matheus.nascimento.peixoto.novo.169@xupinga.com
guilherme.silva.chaves.novo.170@xupinga.com
amanda.nascimento.castro.novo.171@xupinga.com
rafaela.moreira.silva.novo.172@xupinga.com
bruna.arruda.alves.novo.173@xupinga.com
beatriz.freitas.cavalcante.novo.174@xupinga.com
esther.arruda.gonçalves.novo.175@xupinga.com
thiago.nascimento.leite.novo.176@xupinga.com
thiago.borges.machado.novo.177@xupinga.com
diego.quintana.miranda.novo.178@xupinga.com
emanuel.castro.silva.novo.179@xupinga.com
vinicius.chaves.reis.novo.180@xupinga.com
diego.queiroz.oliveira.novo.181@xupinga.com
kaique.quintana.rocha.novo.182@xupinga.com
fernanda.cavalcante.furtado.novo.183@xupinga.com
vanessa.reis.siqueira.novo.184@xupinga.com
rodrigo.peixoto.nogueira.novo.185@xupinga.com
esther.marques.gonçalves.novo.186@xupinga.com
alexandre.leite.siqueira.novo.187@xupinga.com
esther.quintana.gonçalves.novo.188@xupinga.com
fernanda.queiroz.freitas.novo.189@xupinga.com
vinicius.nogueira.nascimento.novo.190@xupinga.com
isadora.assis.fragoso.novo.191@xupinga.com
emanuel.pereira.correia.novo.192@xupinga.com
bruno.cavalcante.barros.novo.193@xupinga.com
guilherme.pinto.gonçalves.novo.194@xupinga.com
emanuel.chaves.pereira.novo.195@xupinga.com
diego.leite.pereira.novo.196@xupinga.com
cristina.reis.borges.novo.197@xupinga.com
juliana.viana.sampaio.novo.198@xupinga.com
diego.viana.machado.novo.199@xupinga.com
rodrigo.assis.souza.novo.200@xupinga.com
matheus.mendes.quintana.novo.201@xupinga.com
sandra.moreira.santos.novo.202@xupinga.com
sandra.rezende.alves.novo.203@xupinga.com
rafaela.pinto.cavalcante.novo.204@xupinga.com
juliana.peixoto.nogueira.novo.205@xupinga.com
cristina.moreira.lopes.novo.206@xupinga.com
jessica.costa.mendes.novo.207@xupinga.com
sandra.sampaio.ferreira.novo.208@xupinga.com
elisa.peixoto.furtado.novo.209@xupinga.com
fernanda.santos.viana.novo.210@xupinga.com
beatriz.costa.gonçalves.novo.211@xupinga.com
felipe.furtado.ferreira.novo.212@xupinga.com
raul.cavalcante.dantas.novo.213@xupinga.com
felipe.campos.barros.novo.214@xupinga.com
alexandre.campos.pires.novo.215@xupinga.com
pietro.rezende.nogueira.novo.216@xupinga.com
rafaela.freitas.sampaio.novo.217@xupinga.com
leticia.costa.miranda.novo.218@xupinga.com
beatriz.oliveira.siqueira.novo.219@xupinga.com
raul.alves.rocha.novo.220@xupinga.com
esther.ferreira.cavalcante.novo.221@xupinga.com
raul.marques.lopes.novo.222@xupinga.com
benicio.lopes.quintana.novo.223@xupinga.com
debora.queiroz.miranda.novo.224@xupinga.com
fernanda.quintana.rezende.novo.225@xupinga.com
jessica.viana.silva.novo.226@xupinga.com
benicio.castro.campos.novo.227@xupinga.com
heloisa.barros.dantas.novo.228@xupinga.com
kaique.pires.rocha.novo.229@xupinga.com
fernanda.siqueira.arruda.novo.230@xupinga.com
guilherme.freitas.sampaio.novo.231@xupinga.com
diego.pires.furtado.novo.232@xupinga.com
vanessa.ferreira.gonçalves.novo.233@xupinga.com
isadora.machado.pires.novo.234@xupinga.com
felipe.rezende.monteiro.novo.235@xupinga.com
rafaela.barros.campos.novo.236@xupinga.com
thiago.quintana.viana.novo.237@xupinga.com
raul.ferreira.alves.novo.238@xupinga.com
emanuel.pereira.correia.novo.239@xupinga.com
lucas.teixeira.leite.novo.240@xupinga.com
larissa.arruda.reis.novo.241@xupinga.com
lavínia.assis.pinto.novo.242@xupinga.com
eduardo.gonçalves.furtado.novo.243@xupinga.com
isadora.viana.pires.novo.244@xupinga.com
vinicius.siqueira.sampaio.novo.245@xupinga.com
rebeca.reis.borges.novo.246@xupinga.com
leonardo.mendes.nascimento.novo.247@xupinga.com
emanuel.marques.leite.novo.248@xupinga.com
camila.machado.castro.novo.249@xupinga.com
bruno.chaves.freitas.novo.250@xupinga.com
bruno.leite.siqueira.novo.251@xupinga.com
eduardo.sampaio.furtado.novo.252@xupinga.com
kaique.ferreira.fragoso.novo.253@xupinga.com
pietro.reis.alves.novo.254@xupinga.com
thiago.freitas.monteiro.novo.255@xupinga.com
camila.ferreira.fragoso.novo.256@xupinga.com
diego.lopes.fragoso.novo.257@xupinga.com
vicente.silva.pires.novo.258@xupinga.com
raul.machado.pereira.novo.259@xupinga.com
raul.queiroz.freitas.novo.260@xupinga.com
beatriz.pereira.costa.novo.261@xupinga.com
benicio.freitas.rezende.novo.262@xupinga.com
sandra.furtado.viana.novo.263@xupinga.com
elisa.furtado.machado.novo.264@xupinga.com
marcos.mendes.monteiro.novo.265@xupinga.com
guilherme.santos.arruda.novo.266@xupinga.com
isadora.borges.peixoto.novo.267@xupinga.com
vanessa.quintana.machado.novo.268@xupinga.com
cristina.miranda.viana.novo.269@xupinga.com
rafaela.lopes.castro.novo.270@xupinga.com
lucas.rezende.furtado.novo.271@xupinga.com
vicente.quintana.campos.novo.272@xupinga.com
matheus.mendes.miranda.novo.273@xupinga.com
matheus.mendes.teixeira.novo.274@xupinga.com
ricardo.sampaio.costa.novo.275@xupinga.com
elisa.lopes.freitas.novo.276@xupinga.com
ricardo.silva.pires.novo.277@xupinga.com
guilherme.monteiro.teixeira.novo.278@xupinga.com
rodrigo.machado.pereira.novo.279@xupinga.com
matheus.reis.monteiro.novo.280@xupinga.com
felipe.siqueira.moreira.novo.281@xupinga.com
renata.costa.leite.novo.282@xupinga.com
sofia.pinto.queiroz.novo.283@xupinga.com
benicio.pinto.gonçalves.novo.284@xupinga.com
jessica.barros.borges.novo.285@xupinga.com
jessica.peixoto.moreira.novo.286@xupinga.com
thiago.barros.sales.novo.287@xupinga.com
benicio.cavalcante.peixoto.novo.288@xupinga.com
kaique.rezende.pinto.novo.289@xupinga.com
raul.queiroz.castro.novo.290@xupinga.com
camila.gonçalves.nascimento.novo.291@xupinga.com
benicio.furtado.castro.novo.292@xupinga.com
ricardo.rocha.barros.novo.293@xupinga.com
pietro.dantas.ferreira.novo.294@xupinga.com
ricardo.alves.ferreira.novo.295@xupinga.com
lucas.furtado.santos.novo.296@xupinga.com
heloisa.pires.silva.novo.297@xupinga.com
debora.pereira.nogueira.novo.298@xupinga.com
felipe.assis.sales.novo.299@xupinga.com
thiago.teixeira.monteiro.novo.300@xupinga.com
thiago.moreira.silva.novo.301@xupinga.com
esther.moreira.marques.novo.302@xupinga.com
vinicius.peixoto.queiroz.novo.303@xupinga.com
kaique.arruda.siqueira.novo.304@xupinga.com
patricia.peixoto.alves.novo.305@xupinga.com
leticia.borges.viana.novo.306@xupinga.com
sofia.machado.freitas.novo.307@xupinga.com
lucas.chaves.pereira.novo.308@xupinga.com
cauã.rocha.marques.novo.309@xupinga.com
fernanda.pinto.reis.novo.310@xupinga.com
guilherme.miranda.peixoto.novo.311@xupinga.com
leonardo.castro.assis.novo.312@xupinga.com
leonardo.moreira.pires.novo.313@xupinga.com
leticia.pereira.oliveira.novo.314@xupinga.com
vanessa.monteiro.barros.novo.315@xupinga.com
rebeca.barros.silva.novo.316@xupinga.com
pietro.nogueira.campos.novo.317@xupinga.com
felipe.pereira.nascimento.novo.318@xupinga.com
lucas.lopes.campos.novo.319@xupinga.com
bruna.leite.souza.novo.320@xupinga.com
lavínia.ferreira.alves.novo.321@xupinga.com
rebeca.leite.souza.novo.322@xupinga.com
marcos.fragoso.arruda.novo.323@xupinga.com
rafaela.barros.dantas.novo.324@xupinga.com
eduardo.rocha.fragoso.novo.325@xupinga.com
thiago.moraes.nogueira.novo.326@xupinga.com
leonardo.leite.moreira.novo.327@xupinga.com
cauã.peixoto.dantas.novo.328@xupinga.com
leonardo.oliveira.barros.novo.329@xupinga.com
isadora.arruda.marques.novo.330@xupinga.com
camila.leite.castro.novo.331@xupinga.com
cauã.pires.sampaio.novo.332@xupinga.com
renata.machado.ferreira.novo.333@xupinga.com
juliana.chaves.lopes.novo.334@xupinga.com
vinicius.viana.borges.novo.335@xupinga.com
emanuel.sampaio.campos.novo.336@xupinga.com
vinicius.silva.peixoto.novo.337@xupinga.com
esther.moreira.ferreira.novo.338@xupinga.com
jessica.peixoto.chaves.novo.339@xupinga.com
ricardo.leite.furtado.novo.340@xupinga.com
leticia.peixoto.sales.novo.341@xupinga.com
bruno.miranda.marques.novo.342@xupinga.com
camila.sales.quintana.novo.343@xupinga.com
raul.pereira.costa.novo.344@xupinga.com
renata.correia.nogueira.novo.345@xupinga.com
felipe.quintana.fragoso.novo.346@xupinga.com
sofia.leite.teixeira.novo.347@xupinga.com
leonardo.oliveira.pereira.novo.348@xupinga.com
camila.peixoto.nascimento.novo.349@xupinga.com
vanessa.campos.sampaio.novo.350@xupinga.com
matheus.reis.borges.novo.351@xupinga.com
diego.reis.silva.novo.352@xupinga.com
heloisa.chaves.assis.novo.353@xupinga.com
patricia.alves.freitas.novo.354@xupinga.com
pietro.moraes.pereira.novo.355@xupinga.com
thiago.campos.correia.novo.356@xupinga.com
beatriz.correia.siqueira.novo.357@xupinga.com
lavínia.nascimento.siqueira.novo.358@xupinga.com
ricardo.machado.souza.novo.359@xupinga.com
rafaela.sales.leite.novo.360@xupinga.com
guilherme.nogueira.ferreira.novo.361@xupinga.com
cristina.rezende.campos.novo.362@xupinga.com
bruno.sales.quintana.novo.363@xupinga.com
pietro.rezende.teixeira.novo.364@xupinga.com
sandra.quintana.sampaio.novo.365@xupinga.com
sandra.assis.siqueira.novo.366@xupinga.com
benicio.leite.ferreira.novo.367@xupinga.com
pietro.freitas.chaves.novo.368@xupinga.com
beatriz.silva.nogueira.novo.369@xupinga.com
raul.gonçalves.viana.novo.370@xupinga.com
esther.borges.pires.novo.371@xupinga.com
diego.siqueira.alves.novo.372@xupinga.com
sandra.assis.furtado.novo.373@xupinga.com
thiago.furtado.peixoto.novo.374@xupinga.com
leticia.teixeira.marques.novo.375@xupinga.com
elisa.quintana.assis.novo.376@xupinga.com
emanuel.pereira.chaves.novo.377@xupinga.com
camila.pereira.sampaio.novo.378@xupinga.com
matheus.lopes.reis.novo.379@xupinga.com
isadora.assis.barros.novo.380@xupinga.com
patricia.quintana.rezende.novo.381@xupinga.com
bruno.furtado.silva.novo.382@xupinga.com
amanda.pereira.lopes.novo.383@xupinga.com
gustavo.reis.machado.novo.384@xupinga.com
ricardo.alves.gonçalves.novo.385@xupinga.com
fernanda.borges.nascimento.novo.386@xupinga.com
alexandre.sales.leite.novo.387@xupinga.com
beatriz.oliveira.queiroz.novo.388@xupinga.com
jessica.monteiro.quintana.novo.389@xupinga.com
cristina.pires.nascimento.novo.390@xupinga.com
leonardo.borges.siqueira.novo.391@xupinga.com
eduardo.alves.chaves.novo.392@xupinga.com
sofia.sampaio.pinto.novo.393@xupinga.com
rebeca.pereira.siqueira.novo.394@xupinga.com
vinicius.mendes.costa.novo.395@xupinga.com
leticia.gonçalves.rocha.novo.396@xupinga.com
renata.pires.rezende.novo.397@xupinga.com
patricia.nascimento.correia.novo.398@xupinga.com
benicio.castro.chaves.novo.399@xupinga.com
rebeca.chaves.freitas.novo.400@xupinga.com
vinicius.campos.borges.novo.401@xupinga.com
patricia.monteiro.pinto.novo.402@xupinga.com
thiago.alves.santos.novo.403@xupinga.com
larissa.lopes.sales.novo.404@xupinga.com
eduardo.sampaio.machado.novo.405@xupinga.com
sofia.costa.chaves.novo.406@xupinga.com
vicente.mendes.ferreira.novo.407@xupinga.com
rebeca.moreira.ferreira.novo.408@xupinga.com
lavínia.teixeira.dantas.novo.409@xupinga.com
sandra.assis.nogueira.novo.410@xupinga.com
sandra.costa.souza.novo.411@xupinga.com
esther.viana.chaves.novo.412@xupinga.com
beatriz.freitas.pires.novo.413@xupinga.com
beatriz.siqueira.castro.novo.414@xupinga.com
raul.arruda.moreira.novo.415@xupinga.com
debora.campos.miranda.novo.416@xupinga.com
esther.marques.lopes.novo.417@xupinga.com
raul.assis.dantas.novo.418@xupinga.com
marcos.souza.queiroz.novo.419@xupinga.com
lucas.quintana.pereira.novo.420@xupinga.com
debora.fragoso.barros.novo.421@xupinga.com
guilherme.lopes.correia.novo.422@xupinga.com
bruno.chaves.silva.novo.423@xupinga.com
vicente.fragoso.queiroz.novo.424@xupinga.com
kaique.reis.viana.novo.425@xupinga.com
raul.santos.freitas.novo.426@xupinga.com
gustavo.nascimento.fragoso.novo.427@xupinga.com
ricardo.rocha.monteiro.novo.428@xupinga.com
vinicius.quintana.cavalcante.novo.429@xupinga.com
vinicius.marques.barros.novo.430@xupinga.com
daniel.moraes.souza.novo.431@xupinga.com
sandra.marques.rocha.novo.432@xupinga.com
rodrigo.pereira.queiroz.novo.433@xupinga.com
esther.pires.furtado.novo.434@xupinga.com
jessica.rocha.nascimento.novo.435@xupinga.com
eduardo.campos.dantas.novo.436@xupinga.com
cauã.mendes.costa.novo.437@xupinga.com
raul.nascimento.castro.novo.438@xupinga.com
eduardo.nascimento.lopes.novo.439@xupinga.com
sofia.monteiro.queiroz.novo.440@xupinga.com
sandra.peixoto.rocha.novo.441@xupinga.com
pietro.silva.monteiro.novo.442@xupinga.com
patricia.marques.sales.novo.443@xupinga.com
felipe.furtado.pereira.novo.444@xupinga.com
leticia.leite.moreira.novo.445@xupinga.com
guilherme.oliveira.mendes.novo.446@xupinga.com
eduardo.furtado.reis.novo.447@xupinga.com
cristina.barros.leite.novo.448@xupinga.com
sandra.santos.rezende.novo.449@xupinga.com
diego.freitas.marques.novo.450@xupinga.com
amanda.alves.nascimento.novo.451@xupinga.com
elisa.peixoto.dantas.novo.452@xupinga.com
esther.arruda.moreira.novo.453@xupinga.com
cristina.castro.lopes.novo.454@xupinga.com
leonardo.barros.marques.novo.455@xupinga.com
beatriz.sampaio.peixoto.novo.456@xupinga.com
kaique.viana.silva.novo.457@xupinga.com
lavínia.monteiro.teixeira.novo.458@xupinga.com
cristina.correia.fragoso.novo.459@xupinga.com
diego.moreira.sampaio.novo.460@xupinga.com
rafaela.sales.machado.novo.461@xupinga.com
debora.fragoso.quintana.novo.462@xupinga.com
vanessa.borges.monteiro.novo.463@xupinga.com
benicio.ferreira.santos.novo.464@xupinga.com
matheus.gonçalves.sales.novo.465@xupinga.com
pietro.pinto.ferreira.novo.466@xupinga.com
emanuel.castro.viana.novo.467@xupinga.com
sofia.arruda.monteiro.novo.468@xupinga.com
leticia.peixoto.queiroz.novo.469@xupinga.com
diego.assis.furtado.novo.470@xupinga.com
amanda.monteiro.cavalcante.novo.471@xupinga.com
esther.castro.moreira.novo.472@xupinga.com
sandra.barros.reis.novo.473@xupinga.com
leonardo.dantas.castro.novo.474@xupinga.com
alexandre.rezende.miranda.novo.475@xupinga.com
beatriz.campos.pereira.novo.476@xupinga.com
lucas.peixoto.nascimento.novo.477@xupinga.com
isadora.pinto.barros.novo.478@xupinga.com
eduardo.teixeira.gonçalves.novo.479@xupinga.com
jessica.sales.queiroz.novo.480@xupinga.com
sandra.freitas.sales.novo.481@xupinga.com
thiago.lopes.fragoso.novo.482@xupinga.com
kaique.monteiro.freitas.novo.483@xupinga.com
kaique.peixoto.freitas.novo.484@xupinga.com
gustavo.souza.siqueira.novo.485@xupinga.com
thiago.souza.viana.novo.486@xupinga.com
leticia.assis.ferreira.novo.487@xupinga.com
rebeca.rezende.pereira.novo.488@xupinga.com
guilherme.rezende.rocha.novo.489@xupinga.com
camila.cavalcante.nogueira.novo.490@xupinga.com
lavínia.reis.miranda.novo.491@xupinga.com
thiago.siqueira.viana.novo.492@xupinga.com
guilherme.pires.silva.novo.493@xupinga.com
beatriz.teixeira.siqueira.novo.494@xupinga.com
vinicius.freitas.correia.novo.495@xupinga.com
larissa.viana.leite.novo.496@xupinga.com
lavínia.peixoto.miranda.novo.497@xupinga.com
thiago.sales.pires.novo.498@xupinga.com
sandra.pereira.siqueira.novo.499@xupinga.com
alexandre.santos.lopes.novo.500@xupinga.com
rebeca.souza.fragoso.novo.501@xupinga.com
cristina.costa.freitas.novo.502@xupinga.com
matheus.rezende.pinto.novo.503@xupinga.com
pietro.costa.dantas.novo.504@xupinga.com
kaique.silva.oliveira.novo.505@xupinga.com
daniel.quintana.rezende.novo.506@xupinga.com
felipe.reis.barros.novo.507@xupinga.com
daniel.arruda.pires.novo.508@xupinga.com
ricardo.viana.freitas.novo.509@xupinga.com
gustavo.cavalcante.freitas.novo.510@xupinga.com
kaique.borges.nascimento.novo.511@xupinga.com
rebeca.miranda.nogueira.novo.512@xupinga.com
fernanda.nogueira.correia.novo.513@xupinga.com
beatriz.cavalcante.assis.novo.514@xupinga.com
eduardo.dantas.moreira.novo.515@xupinga.com
sofia.pereira.castro.novo.516@xupinga.com
bruno.correia.costa.novo.517@xupinga.com
vicente.mendes.reis.novo.518@xupinga.com
sandra.oliveira.dantas.novo.519@xupinga.com
thiago.ferreira.queiroz.novo.520@xupinga.com
vicente.reis.quintana.novo.521@xupinga.com
felipe.teixeira.siqueira.novo.522@xupinga.com
rodrigo.machado.marques.novo.523@xupinga.com
jessica.leite.nogueira.novo.524@xupinga.com
juliana.castro.sales.novo.525@xupinga.com
lucas.quintana.barros.novo.526@xupinga.com
larissa.chaves.costa.novo.527@xupinga.com
emanuel.quintana.assis.novo.528@xupinga.com
guilherme.monteiro.lopes.novo.529@xupinga.com
eduardo.marques.alves.novo.530@xupinga.com
bruno.viana.rocha.novo.531@xupinga.com
felipe.alves.arruda.novo.532@xupinga.com
leticia.quintana.pereira.novo.533@xupinga.com
vinicius.teixeira.chaves.novo.534@xupinga.com
lucas.oliveira.santos.novo.535@xupinga.com
cristina.fragoso.leite.novo.536@xupinga.com
matheus.reis.teixeira.novo.537@xupinga.com
beatriz.mendes.dantas.novo.538@xupinga.com
felipe.chaves.sampaio.novo.539@xupinga.com
esther.nogueira.viana.novo.540@xupinga.com
sandra.campos.sampaio.novo.541@xupinga.com
diego.cavalcante.barros.novo.542@xupinga.com
lucas.assis.lopes.novo.543@xupinga.com
rebeca.pereira.castro.novo.544@xupinga.com
emanuel.moraes.reis.novo.545@xupinga.com
eduardo.correia.quintana.novo.546@xupinga.com
isadora.leite.rocha.novo.547@xupinga.com
gustavo.correia.moreira.novo.548@xupinga.com
daniel.nogueira.dantas.novo.549@xupinga.com
daniel.nascimento.sales.novo.550@xupinga.com
juliana.rezende.cavalcante.novo.551@xupinga.com
vanessa.barros.fragoso.novo.552@xupinga.com
esther.assis.rezende.novo.553@xupinga.com
sofia.teixeira.moreira.novo.554@xupinga.com
raul.barros.dantas.novo.555@xupinga.com
debora.rezende.fragoso.novo.556@xupinga.com
eduardo.barros.freitas.novo.557@xupinga.com
camila.castro.mendes.novo.558@xupinga.com
renata.rezende.viana.novo.559@xupinga.com
marcos.santos.quintana.novo.560@xupinga.com
felipe.silva.rocha.novo.561@xupinga.com
marcos.souza.oliveira.novo.562@xupinga.com
patricia.siqueira.marques.novo.563@xupinga.com
matheus.sampaio.barros.novo.564@xupinga.com
guilherme.correia.castro.novo.565@xupinga.com
thiago.marques.lopes.novo.566@xupinga.com
guilherme.borges.gonçalves.novo.567@xupinga.com
sandra.monteiro.barros.novo.568@xupinga.com
leticia.arruda.pires.novo.569@xupinga.com
sofia.rezende.machado.novo.570@xupinga.com
beatriz.cavalcante.miranda.novo.571@xupinga.com
lucas.pires.machado.novo.572@xupinga.com
eduardo.santos.leite.novo.573@xupinga.com
bruna.freitas.costa.novo.574@xupinga.com
bruna.nogueira.borges.novo.575@xupinga.com
emanuel.rezende.arruda.novo.576@xupinga.com
bruno.fragoso.cavalcante.novo.577@xupinga.com
sandra.miranda.moraes.novo.578@xupinga.com
thiago.viana.cavalcante.novo.579@xupinga.com
cristina.oliveira.furtado.novo.581@xupinga.com
benicio.campos.reis.novo.582@xupinga.com
isadora.queiroz.ferreira.novo.583@xupinga.com
vicente.sampaio.miranda.novo.584@xupinga.com
heloisa.alves.lopes.novo.585@xupinga.com
rebeca.lopes.queiroz.novo.586@xupinga.com
thiago.queiroz.viana.novo.587@xupinga.com
thiago.assis.moreira.novo.588@xupinga.com
vanessa.oliveira.gonçalves.novo.589@xupinga.com
renata.sales.moreira.novo.590@xupinga.com
jessica.freitas.fragoso.novo.591@xupinga.com
renata.leite.machado.novo.592@xupinga.com
debora.oliveira.miranda.novo.593@xupinga.com
eduardo.souza.lopes.novo.594@xupinga.com
marcos.rocha.viana.novo.595@xupinga.com
pietro.souza.pereira.novo.596@xupinga.com
sofia.fragoso.nascimento.novo.597@xupinga.com
leticia.arruda.moraes.novo.598@xupinga.com
felipe.rezende.souza.novo.599@xupinga.com
isadora.marques.mendes.novo.600@xupinga.com
juliana.santos.pinto.novo.601@xupinga.com
alexandre.pereira.costa.novo.602@xupinga.com
emanuel.castro.cavalcante.novo.603@xupinga.com
eduardo.teixeira.nascimento.novo.604@xupinga.com
isadora.moreira.quintana.novo.605@xupinga.com
amanda.monteiro.queiroz.novo.606@xupinga.com
eduardo.reis.machado.novo.607@xupinga.com
cristina.rocha.monteiro.novo.608@xupinga.com
esther.miranda.teixeira.novo.609@xupinga.com
cauã.castro.lopes.novo.610@xupinga.com
lavínia.freitas.dantas.novo.611@xupinga.com
ricardo.leite.lopes.novo.612@xupinga.com
debora.miranda.pires.novo.613@xupinga.com
thiago.pinto.lopes.novo.614@xupinga.com
bruna.marques.nascimento.novo.615@xupinga.com
lavínia.castro.teixeira.novo.616@xupinga.com
sandra.oliveira.nogueira.novo.617@xupinga.com
isadora.cavalcante.mendes.novo.618@xupinga.com
daniel.quintana.viana.novo.619@xupinga.com
matheus.rezende.reis.novo.620@xupinga.com
marcos.lopes.teixeira.novo.621@xupinga.com
fernanda.teixeira.castro.novo.622@xupinga.com
elisa.sampaio.castro.novo.623@xupinga.com
felipe.sales.cavalcante.novo.624@xupinga.com
larissa.rezende.reis.novo.625@xupinga.com
kaique.rocha.fragoso.novo.626@xupinga.com
bruno.fragoso.campos.novo.627@xupinga.com
camila.campos.dantas.novo.628@xupinga.com
lavínia.barros.pinto.novo.629@xupinga.com
rebeca.pires.fragoso.novo.630@xupinga.com
guilherme.moraes.quintana.novo.631@xupinga.com
jessica.nogueira.arruda.novo.632@xupinga.com
jessica.siqueira.nogueira.novo.633@xupinga.com
eduardo.oliveira.castro.novo.634@xupinga.com
vinicius.teixeira.peixoto.novo.635@xupinga.com
sandra.arruda.peixoto.novo.636@xupinga.com
marcos.sales.fragoso.novo.637@xupinga.com
ricardo.furtado.nogueira.novo.638@xupinga.com
fernanda.miranda.pires.novo.639@xupinga.com
lucas.arruda.souza.novo.640@xupinga.com
amanda.cavalcante.souza.novo.641@xupinga.com
sandra.pires.reis.novo.642@xupinga.com
lavínia.santos.siqueira.novo.643@xupinga.com
larissa.fragoso.silva.novo.644@xupinga.com
cauã.mendes.quintana.novo.645@xupinga.com
sofia.barros.machado.novo.646@xupinga.com
jessica.teixeira.reis.novo.647@xupinga.com
vanessa.alves.silva.novo.648@xupinga.com
rodrigo.mendes.moreira.novo.649@xupinga.com
felipe.monteiro.lopes.novo.650@xupinga.com
leonardo.alves.sampaio.novo.651@xupinga.com
esther.assis.leite.novo.652@xupinga.com
rebeca.sampaio.dantas.novo.653@xupinga.com
vinicius.quintana.campos.novo.654@xupinga.com
fernanda.teixeira.siqueira.novo.655@xupinga.com
leonardo.sampaio.nogueira.novo.656@xupinga.com
debora.viana.chaves.novo.657@xupinga.com
gustavo.arruda.peixoto.novo.658@xupinga.com
isadora.arruda.moraes.novo.659@xupinga.com
cauã.campos.oliveira.novo.660@xupinga.com
sandra.nascimento.miranda.novo.661@xupinga.com
ricardo.pinto.moraes.novo.662@xupinga.com
esther.assis.marques.novo.663@xupinga.com
emanuel.siqueira.chaves.novo.664@xupinga.com
kaique.queiroz.reis.novo.665@xupinga.com
marcos.nascimento.peixoto.novo.666@xupinga.com
renata.nascimento.viana.novo.667@xupinga.com
diego.furtado.pinto.novo.668@xupinga.com
fernanda.campos.alves.novo.669@xupinga.com
sofia.furtado.assis.novo.670@xupinga.com
jessica.sampaio.campos.novo.671@xupinga.com
thiago.quintana.arruda.novo.672@xupinga.com
bruna.borges.miranda.novo.673@xupinga.com
sandra.castro.freitas.novo.674@xupinga.com
felipe.pereira.cavalcante.novo.675@xupinga.com
rebeca.chaves.rocha.novo.676@xupinga.com
benicio.queiroz.quintana.novo.677@xupinga.com
bruna.silva.rocha.novo.678@xupinga.com
patricia.oliveira.freitas.novo.679@xupinga.com
benicio.costa.cavalcante.novo.680@xupinga.com
marcos.teixeira.ferreira.novo.1@xupinga.com
vinicius.mendes.correia.novo.2@xupinga.com
jessica.reis.monteiro.novo.3@xupinga.com
larissa.oliveira.costa.novo.4@xupinga.com
emanuel.rezende.marques.novo.5@xupinga.com
thiago.leite.pinto.novo.6@xupinga.com
juliana.rezende.arruda.novo.7@xupinga.com
lavínia.mendes.borges.novo.8@xupinga.com
lucas.assis.fragoso.novo.9@xupinga.com
larissa.peixoto.ferreira.novo.10@xupinga.com
leonardo.marques.moreira.novo.11@xupinga.com
marcos.queiroz.machado.novo.12@xupinga.com
esther.souza.rocha.novo.13@xupinga.com
lavínia.rocha.machado.novo.14@xupinga.com
cauã.rezende.souza.novo.15@xupinga.com
guilherme.fragoso.freitas.novo.16@xupinga.com
eduardo.silva.nascimento.novo.17@xupinga.com
leticia.leite.nogueira.novo.18@xupinga.com
bruna.pires.sampaio.novo.19@xupinga.com
vanessa.santos.rezende.novo.20@xupinga.com
fernanda.queiroz.castro.novo.21@xupinga.com
larissa.santos.freitas.novo.22@xupinga.com
sandra.borges.castro.novo.23@xupinga.com
larissa.moraes.sales.novo.24@xupinga.com
sandra.campos.cavalcante.novo.25@xupinga.com
pietro.santos.chaves.novo.26@xupinga.com
thiago.peixoto.rezende.novo.27@xupinga.com
lavínia.rezende.viana.novo.28@xupinga.com
benicio.moreira.queiroz.novo.29@xupinga.com
camila.ferreira.peixoto.novo.30@xupinga.com
juliana.rezende.dantas.novo.31@xupinga.com
rodrigo.freitas.moraes.novo.32@xupinga.com
vanessa.cavalcante.quintana.novo.33@xupinga.com
pietro.pires.nascimento.novo.34@xupinga.com
daniel.freitas.queiroz.novo.35@xupinga.com
sandra.santos.teixeira.novo.36@xupinga.com
diego.assis.pinto.novo.37@xupinga.com
felipe.borges.sales.novo.38@xupinga.com
rodrigo.gonçalves.freitas.novo.39@xupinga.com
larissa.machado.miranda.novo.40@xupinga.com
lavínia.viana.chaves.novo.41@xupinga.com
cauã.arruda.teixeira.novo.42@xupinga.com
bruna.pereira.gonçalves.novo.43@xupinga.com
gustavo.queiroz.leite.novo.44@xupinga.com
lucas.queiroz.cavalcante.novo.45@xupinga.com
thiago.moreira.gonçalves.novo.46@xupinga.com
thiago.correia.oliveira.novo.47@xupinga.com
rafaela.lopes.oliveira.novo.48@xupinga.com
sofia.siqueira.chaves.novo.49@xupinga.com
eduardo.sampaio.pereira.novo.50@xupinga.com
leticia.viana.assis.novo.51@xupinga.com
vanessa.lopes.pires.novo.52@xupinga.com
heloisa.fragoso.siqueira.novo.53@xupinga.com
cristina.marques.pires.novo.54@xupinga.com
bruno.barros.quintana.novo.55@xupinga.com
vinicius.costa.fragoso.novo.56@xupinga.com
rebeca.mendes.cavalcante.novo.57@xupinga.com
vinicius.freitas.lopes.novo.58@xupinga.com
isadora.mendes.santos.novo.59@xupinga.com
alexandre.sales.assis.novo.60@xupinga.com
emanuel.cavalcante.chaves.novo.61@xupinga.com
kaique.pinto.mendes.novo.62@xupinga.com
elisa.peixoto.siqueira.novo.63@xupinga.com
larissa.sales.cavalcante.novo.64@xupinga.com
thiago.freitas.lopes.novo.65@xupinga.com
beatriz.silva.monteiro.novo.66@xupinga.com
raul.souza.lopes.novo.67@xupinga.com
amanda.machado.sales.novo.68@xupinga.com
pietro.arruda.pereira.novo.69@xupinga.com
emanuel.leite.ferreira.novo.70@xupinga.com
isadora.campos.freitas.novo.71@xupinga.com
juliana.dantas.furtado.novo.72@xupinga.com
fernanda.nogueira.ferreira.novo.73@xupinga.com
rebeca.gonçalves.correia.novo.74@xupinga.com
benicio.assis.pereira.novo.75@xupinga.com
bruno.moreira.siqueira.novo.76@xupinga.com
kaique.furtado.machado.novo.78@xupinga.com
leonardo.dantas.ferreira.novo.79@xupinga.com
vanessa.souza.freitas.novo.80@xupinga.com
rafaela.quintana.viana.novo.81@xupinga.com
pietro.furtado.sampaio.novo.82@xupinga.com
emanuel.nascimento.pires.novo.83@xupinga.com
juliana.alves.leite.novo.84@xupinga.com
leticia.fragoso.moraes.novo.85@xupinga.com
cristina.quintana.pereira.novo.86@xupinga.com
esther.monteiro.quintana.novo.87@xupinga.com
debora.moreira.pereira.novo.88@xupinga.com
emanuel.castro.pereira.novo.89@xupinga.com
renata.lopes.castro.novo.90@xupinga.com
lavínia.souza.barros.novo.91@xupinga.com
marcos.teixeira.barros.novo.92@xupinga.com
renata.cavalcante.monteiro.novo.93@xupinga.com
larissa.sampaio.costa.novo.94@xupinga.com
cauã.lopes.chaves.novo.95@xupinga.com
isadora.assis.pires.novo.96@xupinga.com
sandra.pires.freitas.novo.97@xupinga.com
cauã.teixeira.rocha.novo.98@xupinga.com
leticia.quintana.reis.novo.99@xupinga.com
eduardo.sales.rezende.novo.100@xupinga.com
ricardo.sampaio.queiroz.novo.101@xupinga.com
beatriz.sales.queiroz.novo.102@xupinga.com
vinicius.borges.miranda.novo.103@xupinga.com
daniel.campos.rezende.novo.104@xupinga.com
debora.miranda.reis.novo.105@xupinga.com
juliana.freitas.borges.novo.106@xupinga.com
pietro.rezende.barros.novo.107@xupinga.com
raul.freitas.alves.novo.108@xupinga.com
bruna.silva.teixeira.novo.109@xupinga.com
esther.queiroz.rezende.novo.110@xupinga.com
debora.queiroz.nascimento.novo.111@xupinga.com
ricardo.santos.rezende.novo.112@xupinga.com
ricardo.siqueira.freitas.novo.113@xupinga.com
daniel.dantas.nascimento.novo.114@xupinga.com
rafaela.oliveira.queiroz.novo.115@xupinga.com
benicio.pereira.rezende.novo.116@xupinga.com
vanessa.quintana.dantas.novo.117@xupinga.com
vinicius.nascimento.gonçalves.novo.118@xupinga.com
sandra.alves.rocha.novo.119@xupinga.com
rafaela.oliveira.nascimento.novo.120@xupinga.com
gustavo.rocha.pires.novo.121@xupinga.com
patricia.moraes.gonçalves.novo.122@xupinga.com
patricia.teixeira.nascimento.novo.123@xupinga.com
elisa.freitas.arruda.novo.124@xupinga.com
patricia.moreira.mendes.novo.125@xupinga.com
thiago.freitas.marques.novo.126@xupinga.com
elisa.freitas.furtado.novo.127@xupinga.com
rebeca.monteiro.nogueira.novo.128@xupinga.com
patricia.gonçalves.queiroz.novo.129@xupinga.com
cristina.sampaio.gonçalves.novo.130@xupinga.com
fernanda.rocha.correia.novo.131@xupinga.com
camila.machado.monteiro.novo.132@xupinga.com
felipe.queiroz.marques.novo.133@xupinga.com
alexandre.dantas.silva.novo.134@xupinga.com
felipe.monteiro.rezende.novo.135@xupinga.com
renata.cavalcante.arruda.novo.136@xupinga.com
debora.siqueira.castro.novo.137@xupinga.com
thiago.miranda.souza.novo.138@xupinga.com
sandra.chaves.machado.novo.139@xupinga.com
bruna.arruda.freitas.novo.140@xupinga.com
amanda.cavalcante.moraes.novo.141@xupinga.com
ricardo.dantas.pereira.novo.142@xupinga.com
juliana.borges.peixoto.novo.143@xupinga.com
sandra.alves.freitas.novo.144@xupinga.com
raul.quintana.leite.novo.145@xupinga.com
matheus.peixoto.borges.novo.146@xupinga.com
bruna.borges.teixeira.novo.147@xupinga.com
renata.barros.gonçalves.novo.148@xupinga.com
lavínia.fragoso.reis.novo.149@xupinga.com
juliana.freitas.souza.novo.150@xupinga.com
thiago.freitas.correia.novo.151@xupinga.com
kaique.moreira.barros.novo.152@xupinga.com
elisa.moreira.reis.novo.153@xupinga.com
debora.alves.sampaio.novo.154@xupinga.com
camila.marques.oliveira.novo.155@xupinga.com
cristina.moreira.rezende.novo.156@xupinga.com
renata.machado.freitas.novo.157@xupinga.com
camila.moraes.silva.novo.158@xupinga.com
vinicius.fragoso.sales.novo.159@xupinga.com
heloisa.marques.furtado.novo.160@xupinga.com
rebeca.siqueira.souza.novo.161@xupinga.com
sandra.miranda.mendes.novo.162@xupinga.com
guilherme.freitas.chaves.novo.163@xupinga.com
guilherme.santos.queiroz.novo.164@xupinga.com
rebeca.queiroz.reis.novo.165@xupinga.com
debora.souza.rocha.novo.166@xupinga.com
benicio.furtado.alves.novo.167@xupinga.com
larissa.gonçalves.santos.novo.168@xupinga.com
matheus.nascimento.peixoto.novo.169@xupinga.com
guilherme.silva.chaves.novo.170@xupinga.com
amanda.nascimento.castro.novo.171@xupinga.com
rafaela.moreira.silva.novo.172@xupinga.com
bruna.arruda.alves.novo.173@xupinga.com
beatriz.freitas.cavalcante.novo.174@xupinga.com
esther.arruda.gonçalves.novo.175@xupinga.com
thiago.nascimento.leite.novo.176@xupinga.com
thiago.borges.machado.novo.177@xupinga.com
diego.quintana.miranda.novo.178@xupinga.com
emanuel.castro.silva.novo.179@xupinga.com
vinicius.chaves.reis.novo.180@xupinga.com
diego.queiroz.oliveira.novo.181@xupinga.com
kaique.quintana.rocha.novo.182@xupinga.com
fernanda.cavalcante.furtado.novo.183@xupinga.com
vanessa.reis.siqueira.novo.184@xupinga.com
rodrigo.peixoto.nogueira.novo.185@xupinga.com
esther.marques.gonçalves.novo.186@xupinga.com
alexandre.leite.siqueira.novo.187@xupinga.com
esther.quintana.gonçalves.novo.188@xupinga.com
vinicius.nogueira.nascimento.novo.190@xupinga.com
isadora.assis.fragoso.novo.191@xupinga.com
emanuel.pereira.correia.novo.192@xupinga.com
bruno.cavalcante.barros.novo.193@xupinga.com
guilherme.pinto.gonçalves.novo.194@xupinga.com
emanuel.chaves.pereira.novo.195@xupinga.com
diego.leite.pereira.novo.196@xupinga.com
cristina.reis.borges.novo.197@xupinga.com
juliana.viana.sampaio.novo.198@xupinga.com
diego.viana.machado.novo.199@xupinga.com
rodrigo.assis.souza.novo.200@xupinga.com
matheus.mendes.quintana.novo.201@xupinga.com
sandra.moreira.santos.novo.202@xupinga.com
sandra.rezende.alves.novo.203@xupinga.com
rafaela.pinto.cavalcante.novo.204@xupinga.com
juliana.peixoto.nogueira.novo.205@xupinga.com
cristina.moreira.lopes.novo.206@xupinga.com
jessica.costa.mendes.novo.207@xupinga.com
sandra.sampaio.ferreira.novo.208@xupinga.com
elisa.peixoto.furtado.novo.209@xupinga.com
fernanda.santos.viana.novo.210@xupinga.com
beatriz.costa.gonçalves.novo.211@xupinga.com
felipe.furtado.ferreira.novo.212@xupinga.com
raul.cavalcante.dantas.novo.213@xupinga.com
felipe.campos.barros.novo.214@xupinga.com
alexandre.campos.pires.novo.215@xupinga.com
pietro.rezende.nogueira.novo.216@xupinga.com
rafaela.freitas.sampaio.novo.217@xupinga.com
leticia.costa.miranda.novo.218@xupinga.com
beatriz.oliveira.siqueira.novo.219@xupinga.com
raul.alves.rocha.novo.220@xupinga.com
esther.ferreira.cavalcante.novo.221@xupinga.com
raul.marques.lopes.novo.222@xupinga.com
benicio.lopes.quintana.novo.223@xupinga.com
debora.queiroz.miranda.novo.224@xupinga.com
fernanda.quintana.rezende.novo.225@xupinga.com
jessica.viana.silva.novo.226@xupinga.com
benicio.castro.campos.novo.227@xupinga.com
heloisa.barros.dantas.novo.228@xupinga.com
kaique.pires.rocha.novo.229@xupinga.com
fernanda.siqueira.arruda.novo.230@xupinga.com
guilherme.freitas.sampaio.novo.231@xupinga.com
diego.pires.furtado.novo.232@xupinga.com
vanessa.ferreira.gonçalves.novo.233@xupinga.com
isadora.machado.pires.novo.234@xupinga.com
felipe.rezende.monteiro.novo.235@xupinga.com
rafaela.barros.campos.novo.236@xupinga.com
thiago.quintana.viana.novo.237@xupinga.com
raul.ferreira.alves.novo.238@xupinga.com
emanuel.pereira.correia.novo.239@xupinga.com
lucas.teixeira.leite.novo.240@xupinga.com
larissa.arruda.reis.novo.241@xupinga.com
lavínia.assis.pinto.novo.242@xupinga.com
eduardo.gonçalves.furtado.novo.243@xupinga.com
isadora.viana.pires.novo.244@xupinga.com
vinicius.siqueira.sampaio.novo.245@xupinga.com
rebeca.reis.borges.novo.246@xupinga.com
leonardo.mendes.nascimento.novo.247@xupinga.com
emanuel.marques.leite.novo.248@xupinga.com
camila.machado.castro.novo.249@xupinga.com
bruno.chaves.freitas.novo.250@xupinga.com
bruno.leite.siqueira.novo.251@xupinga.com
eduardo.sampaio.furtado.novo.252@xupinga.com
kaique.ferreira.fragoso.novo.253@xupinga.com
pietro.reis.alves.novo.254@xupinga.com
thiago.freitas.monteiro.novo.255@xupinga.com
camila.ferreira.fragoso.novo.256@xupinga.com
diego.lopes.fragoso.novo.257@xupinga.com
vicente.silva.pires.novo.258@xupinga.com
raul.machado.pereira.novo.259@xupinga.com
raul.queiroz.freitas.novo.260@xupinga.com
beatriz.pereira.costa.novo.261@xupinga.com
benicio.freitas.rezende.novo.262@xupinga.com
sandra.furtado.viana.novo.263@xupinga.com
elisa.furtado.machado.novo.264@xupinga.com
marcos.mendes.monteiro.novo.265@xupinga.com
guilherme.santos.arruda.novo.266@xupinga.com
isadora.borges.peixoto.novo.267@xupinga.com
vanessa.quintana.machado.novo.268@xupinga.com
cristina.miranda.viana.novo.269@xupinga.com
rafaela.lopes.castro.novo.270@xupinga.com
lucas.rezende.furtado.novo.271@xupinga.com
vicente.quintana.campos.novo.272@xupinga.com
matheus.mendes.miranda.novo.273@xupinga.com
matheus.mendes.teixeira.novo.274@xupinga.com
ricardo.sampaio.costa.novo.275@xupinga.com
elisa.lopes.freitas.novo.276@xupinga.com
ricardo.silva.pires.novo.277@xupinga.com
guilherme.monteiro.teixeira.novo.278@xupinga.com
rodrigo.machado.pereira.novo.279@xupinga.com
matheus.reis.monteiro.novo.280@xupinga.com
felipe.siqueira.moreira.novo.281@xupinga.com
renata.costa.leite.novo.282@xupinga.com
sofia.pinto.queiroz.novo.283@xupinga.com
benicio.pinto.gonçalves.novo.284@xupinga.com
jessica.barros.borges.novo.285@xupinga.com
jessica.peixoto.moreira.novo.286@xupinga.com
thiago.barros.sales.novo.287@xupinga.com
benicio.cavalcante.peixoto.novo.288@xupinga.com
kaique.rezende.pinto.novo.289@xupinga.com
raul.queiroz.castro.novo.290@xupinga.com
camila.gonçalves.nascimento.novo.291@xupinga.com
benicio.furtado.castro.novo.292@xupinga.com
ricardo.rocha.barros.novo.293@xupinga.com
pietro.dantas.ferreira.novo.294@xupinga.com
ricardo.alves.ferreira.novo.295@xupinga.com
lucas.furtado.santos.novo.296@xupinga.com
heloisa.pires.silva.novo.297@xupinga.com
debora.pereira.nogueira.novo.298@xupinga.com
felipe.assis.sales.novo.299@xupinga.com
thiago.teixeira.monteiro.novo.300@xupinga.com
thiago.moreira.silva.novo.301@xupinga.com
esther.moreira.marques.novo.302@xupinga.com
vinicius.peixoto.queiroz.novo.303@xupinga.com
kaique.arruda.siqueira.novo.304@xupinga.com
patricia.peixoto.alves.novo.305@xupinga.com
leticia.borges.viana.novo.306@xupinga.com
sofia.machado.freitas.novo.307@xupinga.com
lucas.chaves.pereira.novo.308@xupinga.com
cauã.rocha.marques.novo.309@xupinga.com
fernanda.pinto.reis.novo.310@xupinga.com
guilherme.miranda.peixoto.novo.311@xupinga.com
leonardo.castro.assis.novo.312@xupinga.com
leonardo.moreira.pires.novo.313@xupinga.com
leticia.pereira.oliveira.novo.314@xupinga.com
vanessa.monteiro.barros.novo.315@xupinga.com
rebeca.barros.silva.novo.316@xupinga.com
pietro.nogueira.campos.novo.317@xupinga.com
lucas.lopes.campos.novo.319@xupinga.com
bruna.leite.souza.novo.320@xupinga.com
lavínia.ferreira.alves.novo.321@xupinga.com
rebeca.leite.souza.novo.322@xupinga.com
marcos.fragoso.arruda.novo.323@xupinga.com
rafaela.barros.dantas.novo.324@xupinga.com
eduardo.rocha.fragoso.novo.325@xupinga.com
thiago.moraes.nogueira.novo.326@xupinga.com
leonardo.leite.moreira.novo.327@xupinga.com
cauã.peixoto.dantas.novo.328@xupinga.com
leonardo.oliveira.barros.novo.329@xupinga.com
isadora.arruda.marques.novo.330@xupinga.com
camila.leite.castro.novo.331@xupinga.com
cauã.pires.sampaio.novo.332@xupinga.com
renata.machado.ferreira.novo.333@xupinga.com
juliana.chaves.lopes.novo.334@xupinga.com
vinicius.viana.borges.novo.335@xupinga.com
emanuel.sampaio.campos.novo.336@xupinga.com
vinicius.silva.peixoto.novo.337@xupinga.com
esther.moreira.ferreira.novo.338@xupinga.com
jessica.peixoto.chaves.novo.339@xupinga.com
ricardo.leite.furtado.novo.340@xupinga.com
leticia.peixoto.sales.novo.341@xupinga.com
bruno.miranda.marques.novo.342@xupinga.com
camila.sales.quintana.novo.343@xupinga.com
raul.pereira.costa.novo.344@xupinga.com
renata.correia.nogueira.novo.345@xupinga.com
felipe.quintana.fragoso.novo.346@xupinga.com
sofia.leite.teixeira.novo.347@xupinga.com
leonardo.oliveira.pereira.novo.348@xupinga.com
camila.peixoto.nascimento.novo.349@xupinga.com
vanessa.campos.sampaio.novo.350@xupinga.com
matheus.reis.borges.novo.351@xupinga.com
diego.reis.silva.novo.352@xupinga.com
heloisa.chaves.assis.novo.353@xupinga.com
patricia.alves.freitas.novo.354@xupinga.com
pietro.moraes.pereira.novo.355@xupinga.com
thiago.campos.correia.novo.356@xupinga.com
beatriz.correia.siqueira.novo.357@xupinga.com
lavínia.nascimento.siqueira.novo.358@xupinga.com
ricardo.machado.souza.novo.359@xupinga.com
rafaela.sales.leite.novo.360@xupinga.com
guilherme.nogueira.ferreira.novo.361@xupinga.com
cristina.rezende.campos.novo.362@xupinga.com
bruno.sales.quintana.novo.363@xupinga.com
pietro.rezende.teixeira.novo.364@xupinga.com
sandra.quintana.sampaio.novo.365@xupinga.com
sandra.assis.siqueira.novo.366@xupinga.com
benicio.leite.ferreira.novo.367@xupinga.com
pietro.freitas.chaves.novo.368@xupinga.com
beatriz.silva.nogueira.novo.369@xupinga.com
raul.gonçalves.viana.novo.370@xupinga.com
esther.borges.pires.novo.371@xupinga.com
diego.siqueira.alves.novo.372@xupinga.com
sandra.assis.furtado.novo.373@xupinga.com
thiago.furtado.peixoto.novo.374@xupinga.com
leticia.teixeira.marques.novo.375@xupinga.com
elisa.quintana.assis.novo.376@xupinga.com
emanuel.pereira.chaves.novo.377@xupinga.com
camila.pereira.sampaio.novo.378@xupinga.com
matheus.lopes.reis.novo.379@xupinga.com
isadora.assis.barros.novo.380@xupinga.com
patricia.quintana.rezende.novo.381@xupinga.com
bruno.furtado.silva.novo.382@xupinga.com
amanda.pereira.lopes.novo.383@xupinga.com
gustavo.reis.machado.novo.384@xupinga.com
ricardo.alves.gonçalves.novo.385@xupinga.com
fernanda.borges.nascimento.novo.386@xupinga.com
alexandre.sales.leite.novo.387@xupinga.com
beatriz.oliveira.queiroz.novo.388@xupinga.com
jessica.monteiro.quintana.novo.389@xupinga.com
cristina.pires.nascimento.novo.390@xupinga.com
leonardo.borges.siqueira.novo.391@xupinga.com
eduardo.alves.chaves.novo.392@xupinga.com
sofia.sampaio.pinto.novo.393@xupinga.com
rebeca.pereira.siqueira.novo.394@xupinga.com
vinicius.mendes.costa.novo.395@xupinga.com
leticia.gonçalves.rocha.novo.396@xupinga.com
renata.pires.rezende.novo.397@xupinga.com
patricia.nascimento.correia.novo.398@xupinga.com
benicio.castro.chaves.novo.399@xupinga.com
rebeca.chaves.freitas.novo.400@xupinga.com
vinicius.campos.borges.novo.401@xupinga.com
patricia.monteiro.pinto.novo.402@xupinga.com
thiago.alves.santos.novo.403@xupinga.com
larissa.lopes.sales.novo.404@xupinga.com
eduardo.sampaio.machado.novo.405@xupinga.com
sofia.costa.chaves.novo.406@xupinga.com
vicente.mendes.ferreira.novo.407@xupinga.com
rebeca.moreira.ferreira.novo.408@xupinga.com
lavínia.teixeira.dantas.novo.409@xupinga.com
sandra.assis.nogueira.novo.410@xupinga.com
sandra.costa.souza.novo.411@xupinga.com
esther.viana.chaves.novo.412@xupinga.com
beatriz.freitas.pires.novo.413@xupinga.com
beatriz.siqueira.castro.novo.414@xupinga.com
raul.arruda.moreira.novo.415@xupinga.com
debora.campos.miranda.novo.416@xupinga.com
esther.marques.lopes.novo.417@xupinga.com
raul.assis.dantas.novo.418@xupinga.com
marcos.souza.queiroz.novo.419@xupinga.com
lucas.quintana.pereira.novo.420@xupinga.com
debora.fragoso.barros.novo.421@xupinga.com
guilherme.lopes.correia.novo.422@xupinga.com
bruno.chaves.silva.novo.423@xupinga.com
vicente.fragoso.queiroz.novo.424@xupinga.com
kaique.reis.viana.novo.425@xupinga.com
raul.santos.freitas.novo.426@xupinga.com
gustavo.nascimento.fragoso.novo.427@xupinga.com
ricardo.rocha.monteiro.novo.428@xupinga.com
vinicius.quintana.cavalcante.novo.429@xupinga.com
vinicius.marques.barros.novo.430@xupinga.com
daniel.moraes.souza.novo.431@xupinga.com
sandra.marques.rocha.novo.432@xupinga.com
rodrigo.pereira.queiroz.novo.433@xupinga.com
esther.pires.furtado.novo.434@xupinga.com
jessica.rocha.nascimento.novo.435@xupinga.com
eduardo.campos.dantas.novo.436@xupinga.com
cauã.mendes.costa.novo.437@xupinga.com
raul.nascimento.castro.novo.438@xupinga.com
eduardo.nascimento.lopes.novo.439@xupinga.com
sofia.monteiro.queiroz.novo.440@xupinga.com
sandra.peixoto.rocha.novo.441@xupinga.com
pietro.silva.monteiro.novo.442@xupinga.com
patricia.marques.sales.novo.443@xupinga.com
felipe.furtado.pereira.novo.444@xupinga.com
leticia.leite.moreira.novo.445@xupinga.com
guilherme.oliveira.mendes.novo.446@xupinga.com
eduardo.furtado.reis.novo.447@xupinga.com
cristina.barros.leite.novo.448@xupinga.com
sandra.santos.rezende.novo.449@xupinga.com
diego.freitas.marques.novo.450@xupinga.com
amanda.alves.nascimento.novo.451@xupinga.com
elisa.peixoto.dantas.novo.452@xupinga.com
esther.arruda.moreira.novo.453@xupinga.com
cristina.castro.lopes.novo.454@xupinga.com
leonardo.barros.marques.novo.455@xupinga.com
beatriz.sampaio.peixoto.novo.456@xupinga.com
kaique.viana.silva.novo.457@xupinga.com
lavínia.monteiro.teixeira.novo.458@xupinga.com
cristina.correia.fragoso.novo.459@xupinga.com
diego.moreira.sampaio.novo.460@xupinga.com
rafaela.sales.machado.novo.461@xupinga.com
debora.fragoso.quintana.novo.462@xupinga.com
vanessa.borges.monteiro.novo.463@xupinga.com
benicio.ferreira.santos.novo.464@xupinga.com
matheus.gonçalves.sales.novo.465@xupinga.com
pietro.pinto.ferreira.novo.466@xupinga.com
emanuel.castro.viana.novo.467@xupinga.com
sofia.arruda.monteiro.novo.468@xupinga.com
leticia.peixoto.queiroz.novo.469@xupinga.com
diego.assis.furtado.novo.470@xupinga.com
amanda.monteiro.cavalcante.novo.471@xupinga.com
esther.castro.moreira.novo.472@xupinga.com
sandra.barros.reis.novo.473@xupinga.com
leonardo.dantas.castro.novo.474@xupinga.com
alexandre.rezende.miranda.novo.475@xupinga.com
beatriz.campos.pereira.novo.476@xupinga.com
lucas.peixoto.nascimento.novo.477@xupinga.com
isadora.pinto.barros.novo.478@xupinga.com
eduardo.teixeira.gonçalves.novo.479@xupinga.com
jessica.sales.queiroz.novo.480@xupinga.com
sandra.freitas.sales.novo.481@xupinga.com
thiago.lopes.fragoso.novo.482@xupinga.com
kaique.monteiro.freitas.novo.483@xupinga.com
kaique.peixoto.freitas.novo.484@xupinga.com
gustavo.souza.siqueira.novo.485@xupinga.com
thiago.souza.viana.novo.486@xupinga.com
leticia.assis.ferreira.novo.487@xupinga.com
rebeca.rezende.pereira.novo.488@xupinga.com
guilherme.rezende.rocha.novo.489@xupinga.com
camila.cavalcante.nogueira.novo.490@xupinga.com
lavínia.reis.miranda.novo.491@xupinga.com
thiago.siqueira.viana.novo.492@xupinga.com
guilherme.pires.silva.novo.493@xupinga.com
beatriz.teixeira.siqueira.novo.494@xupinga.com
vinicius.freitas.correia.novo.495@xupinga.com
larissa.viana.leite.novo.496@xupinga.com
lavínia.peixoto.miranda.novo.497@xupinga.com
thiago.sales.pires.novo.498@xupinga.com
sandra.pereira.siqueira.novo.499@xupinga.com
alexandre.santos.lopes.novo.500@xupinga.com
rebeca.souza.fragoso.novo.501@xupinga.com
cristina.costa.freitas.novo.502@xupinga.com
matheus.rezende.pinto.novo.503@xupinga.com
pietro.costa.dantas.novo.504@xupinga.com
kaique.silva.oliveira.novo.505@xupinga.com
daniel.quintana.rezende.novo.506@xupinga.com
felipe.reis.barros.novo.507@xupinga.com
daniel.arruda.pires.novo.508@xupinga.com
ricardo.viana.freitas.novo.509@xupinga.com
gustavo.cavalcante.freitas.novo.510@xupinga.com
kaique.borges.nascimento.novo.511@xupinga.com
rebeca.miranda.nogueira.novo.512@xupinga.com
fernanda.nogueira.correia.novo.513@xupinga.com
beatriz.cavalcante.assis.novo.514@xupinga.com
eduardo.dantas.moreira.novo.515@xupinga.com
sofia.pereira.castro.novo.516@xupinga.com
bruno.correia.costa.novo.517@xupinga.com
vicente.mendes.reis.novo.518@xupinga.com
sandra.oliveira.dantas.novo.519@xupinga.com
thiago.ferreira.queiroz.novo.520@xupinga.com
vicente.reis.quintana.novo.521@xupinga.com
felipe.teixeira.siqueira.novo.522@xupinga.com
rodrigo.machado.marques.novo.523@xupinga.com
